<?xml version="1.0" encoding="UTF-8"?>
<coverage generated="1739797622426" clover="3.2.0">
  <project timestamp="1739797622426" name="All files">
    <metrics statements="143" coveredstatements="95" conditionals="54" coveredconditionals="23" methods="30" coveredmethods="24" elements="227" coveredelements="142" complexity="0" loc="143" ncloc="143" packages="2" files="8" classes="8"/>
    <package name="src">
      <metrics statements="71" coveredstatements="31" conditionals="36" coveredconditionals="8" methods="11" coveredmethods="7"/>
      <file name="App.jsx" path="C:\Users\timok\OneDrive\Documents\cf-webdev\cf-meet\src\App.jsx">
        <metrics statements="20" coveredstatements="19" conditionals="10" coveredconditionals="7" methods="4" coveredmethods="4"/>
        <line num="10" count="5" type="stmt"/>
        <line num="11" count="78" type="stmt"/>
        <line num="12" count="75" type="stmt"/>
        <line num="13" count="75" type="stmt"/>
        <line num="14" count="75" type="stmt"/>
        <line num="15" count="75" type="stmt"/>
        <line num="16" count="75" type="stmt"/>
        <line num="17" count="75" type="stmt"/>
        <line num="19" count="75" type="stmt"/>
        <line num="20" count="31" type="cond" truecount="1" falsecount="1"/>
        <line num="21" count="31" type="stmt"/>
        <line num="23" count="0" type="stmt"/>
        <line num="25" count="31" type="stmt"/>
        <line num="28" count="75" type="stmt"/>
        <line num="29" count="31" type="stmt"/>
        <line num="31" count="31" type="cond" truecount="2" falsecount="0"/>
        <line num="33" count="70" type="stmt"/>
        <line num="34" count="31" type="stmt"/>
        <line num="35" count="31" type="stmt"/>
        <line num="38" count="75" type="stmt"/>
      </file>
      <file name="api.js" path="C:\Users\timok\OneDrive\Documents\cf-webdev\cf-meet\src\api.js">
        <metrics statements="50" coveredstatements="11" conditionals="26" coveredconditionals="1" methods="7" coveredmethods="3"/>
        <line num="3" count="7" type="stmt"/>
        <line num="4" count="1190" type="stmt"/>
        <line num="5" count="34" type="stmt"/>
        <line num="6" count="34" type="stmt"/>
        <line num="9" count="7" type="stmt"/>
        <line num="10" count="0" type="stmt"/>
        <line num="11" count="0" type="stmt"/>
        <line num="16" count="0" type="stmt"/>
        <line num="17" count="0" type="cond" truecount="0" falsecount="2"/>
        <line num="19" count="0" type="stmt"/>
        <line num="22" count="7" type="stmt"/>
        <line num="23" count="0" type="stmt"/>
        <line num="26" count="0" type="stmt"/>
        <line num="27" count="0" type="stmt"/>
        <line num="30" count="7" type="stmt"/>
        <line num="31" count="44" type="cond" truecount="1" falsecount="1"/>
        <line num="32" count="44" type="stmt"/>
        <line num="35" count="0" type="cond" truecount="0" falsecount="2"/>
        <line num="36" count="0" type="stmt"/>
        <line num="37" count="0" type="cond" truecount="0" falsecount="2"/>
        <line num="40" count="0" type="stmt"/>
        <line num="42" count="0" type="cond" truecount="0" falsecount="2"/>
        <line num="43" count="0" type="stmt"/>
        <line num="45" count="0" type="stmt"/>
        <line num="48" count="0" type="stmt"/>
        <line num="49" count="0" type="stmt"/>
        <line num="50" count="0" type="cond" truecount="0" falsecount="2"/>
        <line num="51" count="0" type="stmt"/>
        <line num="52" count="0" type="stmt"/>
        <line num="53" count="0" type="stmt"/>
        <line num="57" count="7" type="stmt"/>
        <line num="59" count="0" type="cond" truecount="0" falsecount="4"/>
        <line num="60" count="0" type="stmt"/>
        <line num="65" count="0" type="stmt"/>
        <line num="67" count="0" type="stmt"/>
        <line num="68" count="0" type="stmt"/>
        <line num="72" count="7" type="stmt"/>
        <line num="73" count="0" type="stmt"/>
        <line num="74" count="0" type="cond" truecount="0" falsecount="2"/>
        <line num="76" count="0" type="cond" truecount="0" falsecount="4"/>
        <line num="77" count="0" type="stmt"/>
        <line num="78" count="0" type="stmt"/>
        <line num="79" count="0" type="stmt"/>
        <line num="80" count="0" type="cond" truecount="0" falsecount="2"/>
        <line num="81" count="0" type="stmt"/>
        <line num="84" count="0" type="stmt"/>
        <line num="85" count="0" type="stmt"/>
        <line num="86" count="0" type="stmt"/>
        <line num="88" count="0" type="cond" truecount="0" falsecount="2"/>
        <line num="90" count="0" type="stmt"/>
      </file>
      <file name="mock-data.js" path="C:\Users\timok\OneDrive\Documents\cf-webdev\cf-meet\src\mock-data.js">
        <metrics statements="1" coveredstatements="1" conditionals="0" coveredconditionals="0" methods="0" coveredmethods="0"/>
        <line num="1" count="7" type="stmt"/>
      </file>
    </package>
    <package name="src.components">
      <metrics statements="72" coveredstatements="64" conditionals="18" coveredconditionals="15" methods="19" coveredmethods="17"/>
      <file name="Alert.jsx" path="C:\Users\timok\OneDrive\Documents\cf-webdev\cf-meet\src\components\Alert.jsx">
        <metrics statements="16" coveredstatements="10" conditionals="0" coveredconditionals="0" methods="6" coveredmethods="4"/>
        <line num="7" count="2" type="stmt"/>
        <line num="8" count="2" type="stmt"/>
        <line num="9" count="2" type="stmt"/>
        <line num="12" count="2" type="stmt"/>
        <line num="13" count="2" type="stmt"/>
        <line num="29" count="2" type="stmt"/>
        <line num="39" count="0" type="stmt"/>
        <line num="40" count="0" type="stmt"/>
        <line num="41" count="0" type="stmt"/>
        <line num="47" count="2" type="stmt"/>
        <line num="48" count="2" type="stmt"/>
        <line num="49" count="2" type="stmt"/>
        <line num="55" count="0" type="stmt"/>
        <line num="56" count="0" type="stmt"/>
        <line num="57" count="0" type="stmt"/>
        <line num="63" count="5" type="stmt"/>
      </file>
      <file name="CitySearch.jsx" path="C:\Users\timok\OneDrive\Documents\cf-webdev\cf-meet\src\components\CitySearch.jsx">
        <metrics statements="26" coveredstatements="25" conditionals="6" coveredconditionals="4" methods="7" coveredmethods="7"/>
        <line num="4" count="5" type="stmt"/>
        <line num="5" count="141" type="stmt"/>
        <line num="6" count="141" type="stmt"/>
        <line num="7" count="141" type="stmt"/>
        <line num="9" count="141" type="stmt"/>
        <line num="10" count="35" type="stmt"/>
        <line num="13" count="141" type="stmt"/>
        <line num="14" count="30" type="stmt"/>
        <line num="15" count="30" type="cond" truecount="1" falsecount="1"/>
        <line num="17" count="60" type="stmt"/>
        <line num="20" count="30" type="stmt"/>
        <line num="21" count="30" type="stmt"/>
        <line num="24" count="30" type="cond" truecount="1" falsecount="1"/>
        <line num="25" count="0" type="stmt"/>
        <line num="27" count="30" type="stmt"/>
        <line num="29" count="30" type="stmt"/>
        <line num="32" count="141" type="stmt"/>
        <line num="33" count="3" type="stmt"/>
        <line num="34" count="3" type="stmt"/>
        <line num="35" count="3" type="stmt"/>
        <line num="36" count="3" type="stmt"/>
        <line num="37" count="3" type="stmt"/>
        <line num="40" count="141" type="stmt"/>
        <line num="47" count="8" type="stmt"/>
        <line num="53" count="44" type="stmt"/>
        <line num="74" count="5" type="stmt"/>
      </file>
      <file name="Event.jsx" path="C:\Users\timok\OneDrive\Documents\cf-webdev\cf-meet\src\components\Event.jsx">
        <metrics statements="10" coveredstatements="10" conditionals="4" coveredconditionals="4" methods="2" coveredmethods="2"/>
        <line num="4" count="7" type="stmt"/>
        <line num="5" count="712" type="stmt"/>
        <line num="7" count="712" type="stmt"/>
        <line num="8" count="712" type="stmt"/>
        <line num="9" count="712" type="stmt"/>
        <line num="10" count="712" type="stmt"/>
        <line num="11" count="712" type="stmt"/>
        <line num="13" count="712" type="stmt"/>
        <line num="18" count="6" type="stmt"/>
        <line num="37" count="7" type="stmt"/>
      </file>
      <file name="EventList.jsx" path="C:\Users\timok\OneDrive\Documents\cf-webdev\cf-meet\src\components\EventList.jsx">
        <metrics statements="4" coveredstatements="4" conditionals="2" coveredconditionals="2" methods="2" coveredmethods="2"/>
        <line num="5" count="5" type="stmt"/>
        <line num="6" count="63" type="stmt"/>
        <line num="9" count="699" type="stmt"/>
        <line num="17" count="5" type="stmt"/>
      </file>
      <file name="NumberOfEvents.jsx" path="C:\Users\timok\OneDrive\Documents\cf-webdev\cf-meet\src\components\NumberOfEvents.jsx">
        <metrics statements="16" coveredstatements="15" conditionals="6" coveredconditionals="5" methods="2" coveredmethods="2"/>
        <line num="4" count="6" type="stmt"/>
        <line num="5" count="67" type="stmt"/>
        <line num="7" count="67" type="stmt"/>
        <line num="8" count="19" type="stmt"/>
        <line num="9" count="19" type="stmt"/>
        <line num="12" count="19" type="cond" truecount="1" falsecount="1"/>
        <line num="13" count="0" type="stmt"/>
        <line num="14" count="19" type="cond" truecount="2" falsecount="0"/>
        <line num="15" count="1" type="stmt"/>
        <line num="16" count="18" type="cond" truecount="2" falsecount="0"/>
        <line num="17" count="1" type="stmt"/>
        <line num="19" count="17" type="stmt"/>
        <line num="20" count="17" type="stmt"/>
        <line num="22" count="19" type="stmt"/>
        <line num="25" count="67" type="stmt"/>
        <line num="42" count="6" type="stmt"/>
      </file>
    </package>
  </project>
</coverage>
