{"C:\\Users\\timok\\OneDrive\\Documents\\cf-webdev\\cf-meet\\src\\App.jsx": {"path":"C:\\Users\\timok\\OneDrive\\Documents\\cf-webdev\\cf-meet\\src\\App.jsx","statementMap":{"0":{"start":{"line":10,"column":12},"end":{"line":37,"column":1}},"1":{"start":{"line":11,"column":30},"end":{"line":11,"column":42}},"2":{"start":{"line":12,"column":38},"end":{"line":12,"column":50}},"3":{"start":{"line":13,"column":42},"end":{"line":13,"column":54}},"4":{"start":{"line":14,"column":40},"end":{"line":14,"column":66}},"5":{"start":{"line":16,"column":2},"end":{"line":18,"column":20}},"6":{"start":{"line":17,"column":4},"end":{"line":17,"column":16}},"7":{"start":{"line":20,"column":20},"end":{"line":28,"column":3}},"8":{"start":{"line":21,"column":22},"end":{"line":21,"column":39}},"9":{"start":{"line":23,"column":6},"end":{"line":25,"column":69}},"10":{"start":{"line":25,"column":38},"end":{"line":25,"column":68}},"11":{"start":{"line":26,"column":4},"end":{"line":26,"column":51}},"12":{"start":{"line":27,"column":4},"end":{"line":27,"column":49}},"13":{"start":{"line":30,"column":2},"end":{"line":36,"column":4}}},"fnMap":{"0":{"name":"(anonymous_0)","decl":{"start":{"line":10,"column":12},"end":{"line":10,"column":13}},"loc":{"start":{"line":10,"column":18},"end":{"line":37,"column":1}},"line":10},"1":{"name":"(anonymous_1)","decl":{"start":{"line":16,"column":12},"end":{"line":16,"column":13}},"loc":{"start":{"line":16,"column":18},"end":{"line":18,"column":3}},"line":16},"2":{"name":"(anonymous_2)","decl":{"start":{"line":20,"column":20},"end":{"line":20,"column":21}},"loc":{"start":{"line":20,"column":32},"end":{"line":28,"column":3}},"line":20},"3":{"name":"(anonymous_3)","decl":{"start":{"line":25,"column":27},"end":{"line":25,"column":28}},"loc":{"start":{"line":25,"column":38},"end":{"line":25,"column":68}},"line":25}},"branchMap":{"0":{"loc":{"start":{"line":23,"column":6},"end":{"line":25,"column":69}},"type":"cond-expr","locations":[{"start":{"line":24,"column":10},"end":{"line":24,"column":19}},{"start":{"line":25,"column":10},"end":{"line":25,"column":69}}],"line":23}},"s":{"0":3,"1":12,"2":11,"3":11,"4":11,"5":11,"6":7,"7":11,"8":7,"9":7,"10":35,"11":7,"12":7,"13":11},"f":{"0":12,"1":7,"2":7,"3":35},"b":{"0":[6,1]},"_coverageSchema":"1a1c01bbd47fc00a2c39e90264f33305004495a9","hash":"268b244959907de8811b3d66afa82a52098c3601"}
,"C:\\Users\\timok\\OneDrive\\Documents\\cf-webdev\\cf-meet\\src\\api.js": {"path":"C:\\Users\\timok\\OneDrive\\Documents\\cf-webdev\\cf-meet\\src\\api.js","statementMap":{"0":{"start":{"line":3,"column":32},"end":{"line":7,"column":1}},"1":{"start":{"line":4,"column":29},"end":{"line":4,"column":66}},"2":{"start":{"line":4,"column":51},"end":{"line":4,"column":65}},"3":{"start":{"line":5,"column":20},"end":{"line":5,"column":52}},"4":{"start":{"line":6,"column":2},"end":{"line":6,"column":19}},"5":{"start":{"line":9,"column":25},"end":{"line":11,"column":1}},"6":{"start":{"line":10,"column":2},"end":{"line":10,"column":18}}},"fnMap":{"0":{"name":"(anonymous_0)","decl":{"start":{"line":3,"column":32},"end":{"line":3,"column":33}},"loc":{"start":{"line":3,"column":44},"end":{"line":7,"column":1}},"line":3},"1":{"name":"(anonymous_1)","decl":{"start":{"line":4,"column":40},"end":{"line":4,"column":41}},"loc":{"start":{"line":4,"column":51},"end":{"line":4,"column":65}},"line":4},"2":{"name":"(anonymous_2)","decl":{"start":{"line":9,"column":25},"end":{"line":9,"column":26}},"loc":{"start":{"line":9,"column":37},"end":{"line":11,"column":1}},"line":9}},"branchMap":{},"s":{"0":4,"1":10,"2":350,"3":10,"4":10,"5":4,"6":16},"f":{"0":10,"1":350,"2":16},"b":{},"_coverageSchema":"1a1c01bbd47fc00a2c39e90264f33305004495a9","hash":"f2c18cdeee0d3fba64c4f3ccf35a8e250509f4f7"}
,"C:\\Users\\timok\\OneDrive\\Documents\\cf-webdev\\cf-meet\\src\\mock-data.js": {"path":"C:\\Users\\timok\\OneDrive\\Documents\\cf-webdev\\cf-meet\\src\\mock-data.js","statementMap":{"0":{"start":{"line":1,"column":17},"end":{"line":1437,"column":1}}},"fnMap":{},"branchMap":{},"s":{"0":4},"f":{},"b":{},"_coverageSchema":"1a1c01bbd47fc00a2c39e90264f33305004495a9","hash":"eeaed528d382efcad38f2d72a55d522af7c4c062"}
,"C:\\Users\\timok\\OneDrive\\Documents\\cf-webdev\\cf-meet\\src\\components\\CitySearch.jsx": {"path":"C:\\Users\\timok\\OneDrive\\Documents\\cf-webdev\\cf-meet\\src\\components\\CitySearch.jsx","statementMap":{"0":{"start":{"line":3,"column":19},"end":{"line":56,"column":1}},"1":{"start":{"line":4,"column":48},"end":{"line":4,"column":63}},"2":{"start":{"line":5,"column":28},"end":{"line":5,"column":40}},"3":{"start":{"line":6,"column":40},"end":{"line":6,"column":52}},"4":{"start":{"line":8,"column":2},"end":{"line":10,"column":26}},"5":{"start":{"line":9,"column":4},"end":{"line":9,"column":33}},"6":{"start":{"line":12,"column":29},"end":{"line":21,"column":3}},"7":{"start":{"line":13,"column":18},"end":{"line":13,"column":36}},"8":{"start":{"line":14,"column":30},"end":{"line":18,"column":10}},"9":{"start":{"line":16,"column":10},"end":{"line":16,"column":74}},"10":{"start":{"line":19,"column":4},"end":{"line":19,"column":20}},"11":{"start":{"line":20,"column":4},"end":{"line":20,"column":38}},"12":{"start":{"line":23,"column":28},"end":{"line":28,"column":3}},"13":{"start":{"line":24,"column":18},"end":{"line":24,"column":42}},"14":{"start":{"line":25,"column":4},"end":{"line":25,"column":20}},"15":{"start":{"line":26,"column":4},"end":{"line":26,"column":30}},"16":{"start":{"line":27,"column":4},"end":{"line":27,"column":26}},"17":{"start":{"line":30,"column":2},"end":{"line":55,"column":4}},"18":{"start":{"line":37,"column":23},"end":{"line":37,"column":47}},"19":{"start":{"line":43,"column":12},"end":{"line":47,"column":14}}},"fnMap":{"0":{"name":"(anonymous_0)","decl":{"start":{"line":3,"column":19},"end":{"line":3,"column":20}},"loc":{"start":{"line":3,"column":57},"end":{"line":56,"column":1}},"line":3},"1":{"name":"(anonymous_1)","decl":{"start":{"line":8,"column":12},"end":{"line":8,"column":13}},"loc":{"start":{"line":8,"column":18},"end":{"line":10,"column":3}},"line":8},"2":{"name":"(anonymous_2)","decl":{"start":{"line":12,"column":29},"end":{"line":12,"column":30}},"loc":{"start":{"line":12,"column":40},"end":{"line":21,"column":3}},"line":12},"3":{"name":"(anonymous_3)","decl":{"start":{"line":15,"column":28},"end":{"line":15,"column":29}},"loc":{"start":{"line":15,"column":42},"end":{"line":17,"column":9}},"line":15},"4":{"name":"(anonymous_4)","decl":{"start":{"line":23,"column":28},"end":{"line":23,"column":29}},"loc":{"start":{"line":23,"column":39},"end":{"line":28,"column":3}},"line":23},"5":{"name":"(anonymous_5)","decl":{"start":{"line":37,"column":17},"end":{"line":37,"column":18}},"loc":{"start":{"line":37,"column":23},"end":{"line":37,"column":47}},"line":37},"6":{"name":"(anonymous_6)","decl":{"start":{"line":42,"column":27},"end":{"line":42,"column":28}},"loc":{"start":{"line":42,"column":43},"end":{"line":48,"column":11}},"line":42}},"branchMap":{"0":{"loc":{"start":{"line":14,"column":30},"end":{"line":18,"column":10}},"type":"cond-expr","locations":[{"start":{"line":15,"column":8},"end":{"line":17,"column":10}},{"start":{"line":18,"column":8},"end":{"line":18,"column":10}}],"line":14},"1":{"loc":{"start":{"line":40,"column":7},"end":{"line":53,"column":14}},"type":"cond-expr","locations":[{"start":{"line":41,"column":8},"end":{"line":52,"column":13}},{"start":{"line":53,"column":10},"end":{"line":53,"column":14}}],"line":40}},"s":{"0":3,"1":58,"2":58,"3":58,"4":58,"5":16,"6":58,"7":18,"8":18,"9":36,"10":18,"11":18,"12":58,"13":2,"14":2,"15":2,"16":2,"17":58,"18":5,"19":26},"f":{"0":58,"1":16,"2":18,"3":36,"4":2,"5":5,"6":26},"b":{"0":[18,0],"1":[24,34]},"_coverageSchema":"1a1c01bbd47fc00a2c39e90264f33305004495a9","hash":"5a91c895f2df26a5638afb6d8eac2e09a3245c90"}
,"C:\\Users\\timok\\OneDrive\\Documents\\cf-webdev\\cf-meet\\src\\components\\Event.jsx": {"path":"C:\\Users\\timok\\OneDrive\\Documents\\cf-webdev\\cf-meet\\src\\components\\Event.jsx","statementMap":{"0":{"start":{"line":3,"column":14},"end":{"line":29,"column":1}},"1":{"start":{"line":4,"column":34},"end":{"line":4,"column":49}},"2":{"start":{"line":6,"column":16},"end":{"line":6,"column":29}},"3":{"start":{"line":7,"column":20},"end":{"line":7,"column":33}},"4":{"start":{"line":8,"column":19},"end":{"line":8,"column":33}},"5":{"start":{"line":9,"column":22},"end":{"line":9,"column":39}},"6":{"start":{"line":10,"column":23},"end":{"line":10,"column":37}},"7":{"start":{"line":12,"column":2},"end":{"line":28,"column":4}},"8":{"start":{"line":17,"column":54},"end":{"line":17,"column":76}}},"fnMap":{"0":{"name":"(anonymous_0)","decl":{"start":{"line":3,"column":14},"end":{"line":3,"column":15}},"loc":{"start":{"line":3,"column":29},"end":{"line":29,"column":1}},"line":3},"1":{"name":"(anonymous_1)","decl":{"start":{"line":17,"column":48},"end":{"line":17,"column":49}},"loc":{"start":{"line":17,"column":54},"end":{"line":17,"column":76}},"line":17}},"branchMap":{"0":{"loc":{"start":{"line":18,"column":9},"end":{"line":18,"column":51}},"type":"cond-expr","locations":[{"start":{"line":18,"column":20},"end":{"line":18,"column":34}},{"start":{"line":18,"column":37},"end":{"line":18,"column":51}}],"line":18},"1":{"loc":{"start":{"line":20,"column":7},"end":{"line":26,"column":7}},"type":"binary-expr","locations":[{"start":{"line":20,"column":7},"end":{"line":20,"column":15}},{"start":{"line":21,"column":8},"end":{"line":25,"column":11}}],"line":20}},"s":{"0":4,"1":187,"2":187,"3":187,"4":187,"5":187,"6":187,"7":187,"8":3},"f":{"0":187,"1":3},"b":{"0":[2,185],"1":[187,2]},"_coverageSchema":"1a1c01bbd47fc00a2c39e90264f33305004495a9","hash":"374c0f50ccf0e6220d7dd2f3e910047741e9883b"}
,"C:\\Users\\timok\\OneDrive\\Documents\\cf-webdev\\cf-meet\\src\\components\\EventList.jsx": {"path":"C:\\Users\\timok\\OneDrive\\Documents\\cf-webdev\\cf-meet\\src\\components\\EventList.jsx","statementMap":{"0":{"start":{"line":4,"column":18},"end":{"line":10,"column":1}},"1":{"start":{"line":5,"column":2},"end":{"line":9,"column":4}},"2":{"start":{"line":7,"column":38},"end":{"line":7,"column":76}}},"fnMap":{"0":{"name":"(anonymous_0)","decl":{"start":{"line":4,"column":18},"end":{"line":4,"column":19}},"loc":{"start":{"line":4,"column":34},"end":{"line":10,"column":1}},"line":4},"1":{"name":"(anonymous_1)","decl":{"start":{"line":7,"column":27},"end":{"line":7,"column":28}},"loc":{"start":{"line":7,"column":38},"end":{"line":7,"column":76}},"line":7}},"branchMap":{"0":{"loc":{"start":{"line":7,"column":7},"end":{"line":7,"column":84}},"type":"cond-expr","locations":[{"start":{"line":7,"column":16},"end":{"line":7,"column":77}},{"start":{"line":7,"column":80},"end":{"line":7,"column":84}}],"line":7}},"s":{"0":3,"1":14,"2":180},"f":{"0":14,"1":180},"b":{"0":[12,2]},"_coverageSchema":"1a1c01bbd47fc00a2c39e90264f33305004495a9","hash":"a0abb7a2ee7bc865dd21011e3c20abaad8021f0d"}
,"C:\\Users\\timok\\OneDrive\\Documents\\cf-webdev\\cf-meet\\src\\components\\NumberOfEvents.jsx": {"path":"C:\\Users\\timok\\OneDrive\\Documents\\cf-webdev\\cf-meet\\src\\components\\NumberOfEvents.jsx","statementMap":{"0":{"start":{"line":3,"column":23},"end":{"line":21,"column":1}},"1":{"start":{"line":4,"column":42},"end":{"line":4,"column":54}},"2":{"start":{"line":6,"column":29},"end":{"line":9,"column":3}},"3":{"start":{"line":7,"column":18},"end":{"line":7,"column":36}},"4":{"start":{"line":8,"column":4},"end":{"line":8,"column":27}},"5":{"start":{"line":11,"column":2},"end":{"line":20,"column":4}}},"fnMap":{"0":{"name":"(anonymous_0)","decl":{"start":{"line":3,"column":23},"end":{"line":3,"column":24}},"loc":{"start":{"line":3,"column":29},"end":{"line":21,"column":1}},"line":3},"1":{"name":"(anonymous_1)","decl":{"start":{"line":6,"column":29},"end":{"line":6,"column":30}},"loc":{"start":{"line":6,"column":40},"end":{"line":9,"column":3}},"line":6}},"branchMap":{},"s":{"0":4,"1":18,"2":18,"3":4,"4":4,"5":18},"f":{"0":18,"1":4},"b":{},"_coverageSchema":"1a1c01bbd47fc00a2c39e90264f33305004495a9","hash":"8438c716cf9bdf7c7d1ef923dceffa8911b526aa"}
}
