TN:
SF:src\App.jsx
FN:13,(anonymous_0)
FN:22,(anonymous_1)
FN:31,(anonymous_2)
FN:36,(anonymous_3)
FNF:4
FNH:4
FNDA:78,(anonymous_0)
FNDA:31,(anonymous_1)
FNDA:31,(anonymous_2)
FNDA:70,(anonymous_3)
DA:13,5
DA:14,78
DA:15,75
DA:16,75
DA:17,75
DA:18,75
DA:19,75
DA:20,75
DA:22,75
DA:23,31
DA:24,31
DA:26,0
DA:28,31
DA:31,75
DA:32,31
DA:34,31
DA:36,70
DA:37,31
DA:38,31
DA:41,75
LF:20
LH:19
BRDA:23,0,0,31
BRDA:23,0,1,0
BRDA:34,1,0,29
BRDA:34,1,1,2
BRDA:44,2,0,0
BRDA:44,2,1,75
BRDA:45,3,0,2
BRDA:45,3,1,73
BRDA:46,4,0,0
BRDA:46,4,1,75
BRF:10
BRH:7
end_of_record
TN:
SF:src\api.js
FN:3,(anonymous_0)
FN:4,(anonymous_1)
FN:9,(anonymous_2)
FN:22,(anonymous_3)
FN:30,(anonymous_4)
FN:57,(anonymous_5)
FN:72,(anonymous_6)
FNF:7
FNH:3
FNDA:34,(anonymous_0)
FNDA:1190,(anonymous_1)
FNDA:0,(anonymous_2)
FNDA:0,(anonymous_3)
FNDA:44,(anonymous_4)
FNDA:0,(anonymous_5)
FNDA:0,(anonymous_6)
DA:3,7
DA:4,1190
DA:5,34
DA:6,34
DA:9,7
DA:10,0
DA:11,0
DA:16,0
DA:17,0
DA:19,0
DA:22,7
DA:23,0
DA:26,0
DA:27,0
DA:30,7
DA:31,44
DA:32,44
DA:35,0
DA:36,0
DA:37,0
DA:40,0
DA:42,0
DA:43,0
DA:45,0
DA:48,0
DA:49,0
DA:50,0
DA:51,0
DA:52,0
DA:53,0
DA:57,7
DA:59,0
DA:60,0
DA:65,0
DA:67,0
DA:68,0
DA:72,7
DA:73,0
DA:74,0
DA:76,0
DA:77,0
DA:78,0
DA:79,0
DA:80,0
DA:81,0
DA:84,0
DA:85,0
DA:86,0
DA:88,0
DA:90,0
LF:50
LH:11
BRDA:17,0,0,0
BRDA:17,0,1,0
BRDA:31,1,0,44
BRDA:31,1,1,0
BRDA:35,2,0,0
BRDA:35,2,1,0
BRDA:37,3,0,0
BRDA:37,3,1,0
BRDA:42,4,0,0
BRDA:42,4,1,0
BRDA:50,5,0,0
BRDA:50,5,1,0
BRDA:59,6,0,0
BRDA:59,6,1,0
BRDA:59,7,0,0
BRDA:59,7,1,0
BRDA:74,8,0,0
BRDA:74,8,1,0
BRDA:76,9,0,0
BRDA:76,9,1,0
BRDA:76,10,0,0
BRDA:76,10,1,0
BRDA:80,11,0,0
BRDA:80,11,1,0
BRDA:88,12,0,0
BRDA:88,12,1,0
BRF:26
BRH:1
end_of_record
TN:
SF:src\mock-data.js
FNF:0
FNH:0
DA:1,7
LF:1
LH:1
BRF:0
BRH:0
end_of_record
TN:
SF:src\components\Alert.jsx
FN:6,(anonymous_0)
FN:12,(anonymous_1)
FN:28,(anonymous_2)
FN:38,(anonymous_3)
FN:46,(anonymous_4)
FN:54,(anonymous_5)
FNF:6
FNH:4
FNDA:2,(anonymous_0)
FNDA:2,(anonymous_1)
FNDA:2,(anonymous_2)
FNDA:0,(anonymous_3)
FNDA:2,(anonymous_4)
FNDA:0,(anonymous_5)
DA:7,2
DA:8,2
DA:9,2
DA:12,2
DA:13,2
DA:29,2
DA:39,0
DA:40,0
DA:41,0
DA:47,2
DA:48,2
DA:49,2
DA:55,0
DA:56,0
DA:57,0
DA:63,5
LF:16
LH:10
BRF:0
BRH:0
end_of_record
TN:
SF:src\components\Charts.jsx
FN:7,(anonymous_0)
FN:19,(anonymous_1)
FNF:2
FNH:1
FNDA:60,(anonymous_0)
FNDA:0,(anonymous_1)
DA:7,5
DA:8,60
DA:10,60
DA:19,0
DA:28,5
LF:5
LH:4
BRDA:12,0,0,60
BRDA:12,0,1,0
BRDA:13,1,0,60
BRDA:13,1,1,60
BRDA:20,2,0,60
BRDA:20,2,1,0
BRF:6
BRH:4
end_of_record
TN:
SF:src\components\CityEventsChart.jsx
FN:15,(anonymous_0)
FN:18,(anonymous_1)
FN:22,(anonymous_2)
FN:23,(anonymous_3)
FN:25,(anonymous_4)
FN:33,(anonymous_5)
FNF:6
FNH:5
FNDA:103,(anonymous_0)
FNDA:43,(anonymous_1)
FNDA:43,(anonymous_2)
FNDA:54,(anonymous_3)
FNDA:910,(anonymous_4)
FNDA:0,(anonymous_5)
DA:15,5
DA:16,103
DA:18,103
DA:19,43
DA:22,103
DA:23,43
DA:24,54
DA:25,910
DA:27,54
DA:28,54
DA:30,43
DA:33,103
DA:34,0
DA:35,0
DA:43,0
DA:46,103
DA:77,5
LF:17
LH:14
BRDA:34,0,0,0
BRDA:34,0,1,0
BRDA:34,1,0,0
BRDA:34,1,1,0
BRDA:34,1,2,0
BRF:5
BRH:0
end_of_record
TN:
SF:src\components\CitySearch.jsx
FN:4,(anonymous_0)
FN:9,(anonymous_1)
FN:13,(anonymous_2)
FN:16,(anonymous_3)
FN:32,(anonymous_4)
FN:47,(anonymous_5)
FN:52,(anonymous_6)
FNF:7
FNH:7
FNDA:141,(anonymous_0)
FNDA:35,(anonymous_1)
FNDA:30,(anonymous_2)
FNDA:60,(anonymous_3)
FNDA:3,(anonymous_4)
FNDA:8,(anonymous_5)
FNDA:44,(anonymous_6)
DA:4,5
DA:5,141
DA:6,141
DA:7,141
DA:9,141
DA:10,35
DA:13,141
DA:14,30
DA:15,30
DA:17,60
DA:20,30
DA:21,30
DA:24,30
DA:25,0
DA:27,30
DA:29,30
DA:32,141
DA:33,3
DA:34,3
DA:35,3
DA:36,3
DA:37,3
DA:40,141
DA:47,8
DA:53,44
DA:74,5
LF:26
LH:25
BRDA:15,0,0,30
BRDA:15,0,1,0
BRDA:24,1,0,0
BRDA:24,1,1,30
BRDA:50,2,0,41
BRDA:50,2,1,100
BRF:6
BRH:4
end_of_record
TN:
SF:src\components\Event.jsx
FN:4,(anonymous_0)
FN:18,(anonymous_1)
FNF:2
FNH:2
FNDA:712,(anonymous_0)
FNDA:6,(anonymous_1)
DA:4,7
DA:5,712
DA:7,712
DA:8,712
DA:9,712
DA:10,712
DA:11,712
DA:13,712
DA:18,6
DA:37,7
LF:10
LH:10
BRDA:19,0,0,4
BRDA:19,0,1,708
BRDA:21,1,0,712
BRDA:21,1,1,4
BRF:4
BRH:4
end_of_record
TN:
SF:src\components\EventGenresChart.jsx
FN:6,(anonymous_0)
FN:11,(anonymous_1)
FN:15,(anonymous_2)
FN:40,(anonymous_3)
FN:41,(anonymous_4)
FN:42,(anonymous_5)
FN:62,(anonymous_6)
FNF:7
FNH:6
FNDA:103,(anonymous_0)
FNDA:43,(anonymous_1)
FNDA:0,(anonymous_2)
FNDA:43,(anonymous_3)
FNDA:215,(anonymous_4)
FNDA:2275,(anonymous_5)
FNDA:435,(anonymous_6)
DA:6,5
DA:7,103
DA:8,103
DA:9,103
DA:11,103
DA:12,43
DA:15,103
DA:23,0
DA:24,0
DA:25,0
DA:26,0
DA:27,0
DA:40,103
DA:41,43
DA:42,215
DA:43,2275
DA:45,215
DA:47,43
DA:50,103
DA:63,435
DA:74,5
LF:21
LH:16
BRDA:27,0,0,0
BRDA:27,0,1,0
BRDA:32,1,0,0
BRDA:32,1,1,0
BRF:4
BRH:0
end_of_record
TN:
SF:src\components\EventList.jsx
FN:5,(anonymous_0)
FN:9,(anonymous_1)
FNF:2
FNH:2
FNDA:63,(anonymous_0)
FNDA:699,(anonymous_1)
DA:5,5
DA:6,63
DA:9,699
DA:17,5
LF:4
LH:4
BRDA:8,0,0,61
BRDA:8,0,1,2
BRF:2
BRH:2
end_of_record
TN:
SF:src\components\NumberOfEvents.jsx
FN:4,(anonymous_0)
FN:7,(anonymous_1)
FNF:2
FNH:2
FNDA:67,(anonymous_0)
FNDA:19,(anonymous_1)
DA:4,6
DA:5,67
DA:7,67
DA:8,19
DA:9,19
DA:12,19
DA:13,0
DA:14,19
DA:15,1
DA:16,18
DA:17,1
DA:19,17
DA:20,17
DA:22,19
DA:25,67
DA:42,6
LF:16
LH:15
BRDA:12,0,0,0
BRDA:12,0,1,19
BRDA:14,1,0,1
BRDA:14,1,1,18
BRDA:16,2,0,1
BRDA:16,2,1,17
BRF:6
BRH:5
end_of_record
