TN:
SF:src\App.jsx
FN:10,(anonymous_0)
FN:16,(anonymous_1)
FN:20,(anonymous_2)
FN:25,(anonymous_3)
FNF:4
FNH:4
FNDA:12,(anonymous_0)
FNDA:7,(anonymous_1)
FNDA:7,(anonymous_2)
FNDA:35,(anonymous_3)
DA:10,3
DA:11,12
DA:12,11
DA:13,11
DA:14,11
DA:16,11
DA:17,7
DA:20,11
DA:21,7
DA:23,7
DA:25,35
DA:26,7
DA:27,7
DA:30,11
LF:14
LH:14
BRDA:23,0,0,6
BRDA:23,0,1,1
BRF:2
BRH:2
end_of_record
TN:
SF:src\api.js
FN:3,(anonymous_0)
FN:4,(anonymous_1)
FN:9,(anonymous_2)
FNF:3
FNH:3
FNDA:10,(anonymous_0)
FNDA:350,(anonymous_1)
FNDA:16,(anonymous_2)
DA:3,4
DA:4,350
DA:5,10
DA:6,10
DA:9,4
DA:10,16
LF:6
LH:6
BRF:0
BRH:0
end_of_record
TN:
SF:src\mock-data.js
FNF:0
FNH:0
DA:1,4
LF:1
LH:1
BRF:0
BRH:0
end_of_record
TN:
SF:src\components\CitySearch.jsx
FN:3,(anonymous_0)
FN:8,(anonymous_1)
FN:12,(anonymous_2)
FN:15,(anonymous_3)
FN:23,(anonymous_4)
FN:37,(anonymous_5)
FN:42,(anonymous_6)
FNF:7
FNH:7
FNDA:58,(anonymous_0)
FNDA:16,(anonymous_1)
FNDA:18,(anonymous_2)
FNDA:36,(anonymous_3)
FNDA:2,(anonymous_4)
FNDA:5,(anonymous_5)
FNDA:26,(anonymous_6)
DA:3,3
DA:4,58
DA:5,58
DA:6,58
DA:8,58
DA:9,16
DA:12,58
DA:13,18
DA:14,18
DA:16,36
DA:19,18
DA:20,18
DA:23,58
DA:24,2
DA:25,2
DA:26,2
DA:27,2
DA:30,58
DA:37,5
DA:43,26
LF:20
LH:20
BRDA:14,0,0,18
BRDA:14,0,1,0
BRDA:40,1,0,24
BRDA:40,1,1,34
BRF:4
BRH:3
end_of_record
TN:
SF:src\components\Event.jsx
FN:3,(anonymous_0)
FN:17,(anonymous_1)
FNF:2
FNH:2
FNDA:187,(anonymous_0)
FNDA:3,(anonymous_1)
DA:3,4
DA:4,187
DA:6,187
DA:7,187
DA:8,187
DA:9,187
DA:10,187
DA:12,187
DA:17,3
LF:9
LH:9
BRDA:18,0,0,2
BRDA:18,0,1,185
BRDA:20,1,0,187
BRDA:20,1,1,2
BRF:4
BRH:4
end_of_record
TN:
SF:src\components\EventList.jsx
FN:4,(anonymous_0)
FN:7,(anonymous_1)
FNF:2
FNH:2
FNDA:14,(anonymous_0)
FNDA:180,(anonymous_1)
DA:4,3
DA:5,14
DA:7,180
LF:3
LH:3
BRDA:7,0,0,12
BRDA:7,0,1,2
BRF:2
BRH:2
end_of_record
TN:
SF:src\components\NumberOfEvents.jsx
FN:3,(anonymous_0)
FN:6,(anonymous_1)
FNF:2
FNH:2
FNDA:18,(anonymous_0)
FNDA:4,(anonymous_1)
DA:3,4
DA:4,18
DA:6,18
DA:7,4
DA:8,4
DA:11,18
LF:6
LH:6
BRF:0
BRH:0
end_of_record
